<?xml version="1.0" encoding="UTF-8"?>
<testsuite xmlns:xsi="http://www.w3.org/2001/XMLSchema-instance" xsi:noNamespaceSchemaLocation="https://maven.apache.org/surefire/maven-surefire-plugin/xsd/surefire-test-report-3.0.xsd" version="3.0" name="TestSuite" time="1.293" tests="11" errors="0" skipped="0" failures="0">
  <properties>
[...]
</properties>
  <testcase name="print" classname="com.example.Test2" time="0">
    <system-out><![CDATA[Calculator instance initialized.
All testcases passed8
]]></system-out>
  </testcase>
  <testcase name="testDivByZero" classname="com.example.CalculatorTest" time="0.001"/>
  <testcase name="testDivPositive" classname="com.example.CalculatorTest" time="0.003"/>
  <testcase name="testIsNegative" classname="com.example.CalculatorTest" time="0.001"/>
  <testcase name="testIsPositiveNegative" classname="com.example.CalculatorTest" time="0"/>
  <testcase name="testIsPositivePositive" classname="com.example.CalculatorTest" time="0"/>
  <testcase name="testMultNegative" classname="com.example.CalculatorTest" time="0"/>
  <testcase name="testMultPositive" classname="com.example.CalculatorTest" time="0"/>
  <testcase name="testSubNegative" classname="com.example.CalculatorTest" time="0"/>
  <testcase name="testSubPositive" classname="com.example.CalculatorTest" time="0"/>
  <testcase name="testSumPositive" classname="com.example.CalculatorTest" time="0.353"/>
</testsuite>