<?xml version="1.0" encoding="UTF-8"?>
<testng-results ignored="0" total="10" passed="10" failed="0" skipped="0">
  <reporter-output>
  </reporter-output>
  <suite started-at="2024-03-26T12:35:32 IST" name="Parallel Test Suite" finished-at="2024-03-26T12:35:33 IST" duration-ms="820">
    <groups>
    </groups>
    <test started-at="2024-03-26T12:35:32 IST" name="Test1" finished-at="2024-03-26T12:35:33 IST" duration-ms="820">
      <class name="com.example.CalculatorTest">
        <test-method is-config="true" signature="setUp()[pri:0, instance:com.example.CalculatorTest@4d9e68d0]" started-at="2024-03-26T12:35:32 IST" name="setUp" finished-at="2024-03-26T12:35:33 IST" duration-ms="237" status="PASS">
          <reporter-output>
          </reporter-output>
        </test-method> <!-- setUp -->
        <test-method signature="testDivByZero()[pri:0, instance:com.example.CalculatorTest@4d9e68d0]" started-at="2024-03-26T12:35:33 IST" name="testDivByZero" finished-at="2024-03-26T12:35:33 IST" duration-ms="0" status="PASS">
          <exception class="java.lang.NumberFormatException">
            <message>
              <![CDATA[Attempt to divide by zero]]>
            </message>
            <full-stacktrace>
              <![CDATA[java.lang.NumberFormatException: Attempt to divide by zero
at com.epam.tat.module4.Calculator.div(Calculator.java:34)
at com.example.CalculatorTest.testDivByZero(CalculatorTest.java:73)
at java.base/jdk.internal.reflect.NativeMethodAccessorImpl.invoke0(Native Method)
at java.base/jdk.internal.reflect.NativeMethodAccessorImpl.invoke(NativeMethodAccessorImpl.java:77)
at java.base/jdk.internal.reflect.DelegatingMethodAccessorImpl.invoke(DelegatingMethodAccessorImpl.java:43)
at java.base/java.lang.reflect.Method.invoke(Method.java:568)
at org.testng.internal.MethodInvocationHelper.invokeMethod(MethodInvocationHelper.java:134)
at org.testng.internal.TestInvoker.invokeMethod(TestInvoker.java:597)
at org.testng.internal.TestInvoker.invokeTestMethod(TestInvoker.java:173)
at org.testng.internal.MethodRunner.runInSequence(MethodRunner.java:46)
at org.testng.internal.TestInvoker$MethodInvocationAgent.invoke(TestInvoker.java:816)
at org.testng.internal.TestInvoker.invokeTestMethods(TestInvoker.java:146)
at org.testng.internal.TestMethodWorker.invokeTestMethods(TestMethodWorker.java:146)
at org.testng.internal.TestMethodWorker.run(TestMethodWorker.java:128)
at java.base/java.util.ArrayList.forEach(ArrayList.java:1511)
at org.testng.TestRunner.privateRun(TestRunner.java:766)
at org.testng.TestRunner.run(TestRunner.java:587)
at org.testng.SuiteRunner.runTest(SuiteRunner.java:384)
at org.testng.SuiteRunner.access$000(SuiteRunner.java:28)
at org.testng.SuiteRunner$SuiteWorker.run(SuiteRunner.java:425)
at org.testng.internal.thread.ThreadUtil.lambda$execute$0(ThreadUtil.java:68)
at java.base/java.util.concurrent.FutureTask.run(FutureTask.java:264)
at java.base/java.util.concurrent.ThreadPoolExecutor.runWorker(ThreadPoolExecutor.java:1136)
at java.base/java.util.concurrent.ThreadPoolExecutor$Worker.run(ThreadPoolExecutor.java:635)
at java.base/java.lang.Thread.run(Thread.java:842)
]]>
            </full-stacktrace>
          </exception> <!-- java.lang.NumberFormatException -->
          <reporter-output>
          </reporter-output>
        </test-method> <!-- testDivByZero -->
        <test-method signature="testDivPositive()[pri:0, instance:com.example.CalculatorTest@4d9e68d0]" started-at="2024-03-26T12:35:33 IST" name="testDivPositive" finished-at="2024-03-26T12:35:33 IST" duration-ms="8" status="PASS">
          <reporter-output>
          </reporter-output>
        </test-method> <!-- testDivPositive -->
        <test-method signature="testIsPositiveNegative()[pri:0, instance:com.example.CalculatorTest@4d9e68d0]" started-at="2024-03-26T12:35:33 IST" name="testIsPositiveNegative" finished-at="2024-03-26T12:35:33 IST" duration-ms="0" status="PASS">
          <reporter-output>
          </reporter-output>
        </test-method> <!-- testIsPositiveNegative -->
        <test-method signature="testIsPositivePositive()[pri:0, instance:com.example.CalculatorTest@4d9e68d0]" started-at="2024-03-26T12:35:33 IST" name="testIsPositivePositive" finished-at="2024-03-26T12:35:33 IST" duration-ms="0" status="PASS">
          <reporter-output>
          </reporter-output>
        </test-method> <!-- testIsPositivePositive -->
        <test-method signature="testIsNegative()[pri:0, instance:com.example.CalculatorTest@4d9e68d0]" started-at="2024-03-26T12:35:33 IST" name="testIsNegative" finished-at="2024-03-26T12:35:33 IST" duration-ms="0" status="PASS">
          <reporter-output>
          </reporter-output>
        </test-method> <!-- testIsNegative -->
        <test-method signature="testMultNegative()[pri:0, instance:com.example.CalculatorTest@4d9e68d0]" started-at="2024-03-26T12:35:33 IST" name="testMultNegative" finished-at="2024-03-26T12:35:33 IST" duration-ms="0" status="PASS">
          <reporter-output>
          </reporter-output>
        </test-method> <!-- testMultNegative -->
        <test-method signature="testMultPositive()[pri:0, instance:com.example.CalculatorTest@4d9e68d0]" started-at="2024-03-26T12:35:33 IST" name="testMultPositive" finished-at="2024-03-26T12:35:33 IST" duration-ms="0" status="PASS">
          <reporter-output>
          </reporter-output>
        </test-method> <!-- testMultPositive -->
        <test-method signature="testSubNegative()[pri:0, instance:com.example.CalculatorTest@4d9e68d0]" started-at="2024-03-26T12:35:33 IST" name="testSubNegative" finished-at="2024-03-26T12:35:33 IST" duration-ms="0" status="PASS">
          <reporter-output>
          </reporter-output>
        </test-method> <!-- testSubNegative -->
        <test-method signature="testSubPositive()[pri:0, instance:com.example.CalculatorTest@4d9e68d0]" started-at="2024-03-26T12:35:33 IST" name="testSubPositive" finished-at="2024-03-26T12:35:33 IST" duration-ms="0" status="PASS">
          <reporter-output>
          </reporter-output>
        </test-method> <!-- testSubPositive -->
        <test-method signature="testSumPositive()[pri:0, instance:com.example.CalculatorTest@4d9e68d0]" started-at="2024-03-26T12:35:33 IST" name="testSumPositive" finished-at="2024-03-26T12:35:33 IST" duration-ms="548" status="PASS">
          <reporter-output>
          </reporter-output>
        </test-method> <!-- testSumPositive -->
        <test-method is-config="true" signature="tearDown()[pri:0, instance:com.example.CalculatorTest@4d9e68d0]" started-at="2024-03-26T12:35:33 IST" name="tearDown" finished-at="2024-03-26T12:35:33 IST" duration-ms="0" status="PASS">
          <reporter-output>
          </reporter-output>
        </test-method> <!-- tearDown -->
      </class> <!-- com.example.CalculatorTest -->
    </test> <!-- Test1 -->
  </suite> <!-- Parallel Test Suite -->
</testng-results>
