<?xml version="1.0" encoding="UTF-8"?>
<!-- Generated by org.testng.reporters.JUnitXMLReporter -->
<testsuite ignored="0" hostname="LAPTOP-JUSUEUOO" failures="0" tests="11" name="Test1" time="0.552" errors="0" timestamp="2024-04-07T21:47:54 IST">
  <testcase classname="com.example.Test2" name="print" time="0.002"/>
  <testcase classname="com.example.CalculatorTest" name="testDivByZero" time="0.0"/>
  <testcase classname="com.example.CalculatorTest" name="testDivPositive" time="0.002"/>
  <testcase classname="com.example.CalculatorTest" name="testIsNegative" time="0.0"/>
  <testcase classname="com.example.CalculatorTest" name="testIsPositiveNegative" time="0.001"/>
  <testcase classname="com.example.CalculatorTest" name="testIsPositivePositive" time="0.001"/>
  <testcase classname="com.example.CalculatorTest" name="testMultNegative" time="0.001"/>
  <testcase classname="com.example.CalculatorTest" name="testMultPositive" time="0.0"/>
  <testcase classname="com.example.CalculatorTest" name="testSubNegative" time="0.0"/>
  <testcase classname="com.example.CalculatorTest" name="testSubPositive" time="0.0"/>
  <testcase classname="com.example.CalculatorTest" name="testSumPositive" time="0.354"/>
</testsuite> <!-- Test1 -->
